/home/ubuntu/SSLOJ_Game/git_auto_push.sh: line 3: cd: /chemin/vers/ton/repo: No such file or directory
/home/ubuntu/SSLOJ_Game/git_auto_push.sh: line 3: cd: /chemin/vers/ton/repo: No such file or directory
[main e6fc5903] Mise à jour journalière du server
 Committer: Ubuntu <ubuntu@vps-54331b9e.vps.ovh.net>
Your name and email address were configured automatically based
on your username and hostname. Please check that they are accurate.
You can suppress this message by setting them explicitly. Run the
following command and follow the instructions in your editor to edit
your configuration file:

    git config --global --edit

After doing this, you may fix the identity used for this commit with:

    git commit --amend --reset-author

 1 file changed, 0 insertions(+), 0 deletions(-)
To github.com:umeshu909/SSLOJ_Game.git
   db2f83fd..e6fc5903  main -> main
[main 95c2bd40] Mise à jour journalière du server
 Committer: Ubuntu <ubuntu@vps-54331b9e.vps.ovh.net>
Your name and email address were configured automatically based
on your username and hostname. Please check that they are accurate.
You can suppress this message by setting them explicitly. Run the
following command and follow the instructions in your editor to edit
your configuration file:

    git config --global --edit

After doing this, you may fix the identity used for this commit with:

    git commit --amend --reset-author

 185 files changed, 32 insertions(+)
 create mode 100644 directus-cms/uploads/012c2e12-faec-4474-8cd9-21203b9d84ca__f15aa4b815722867859d2a3fa46ab50834dfc8dc.avif
 create mode 100644 directus-cms/uploads/032b8b5b-ed6e-444d-982f-23b5eae82ee3__f15aa4b815722867859d2a3fa46ab50834dfc8dc.avif
 create mode 100644 directus-cms/uploads/038a6ad1-cbfa-43d7-a0fe-ce955fbac6a1.jpeg
 create mode 100644 directus-cms/uploads/038a6ad1-cbfa-43d7-a0fe-ce955fbac6a1__7abd30a2f63f675625d6888e2ed9d65992751e3c.avif
 create mode 100644 directus-cms/uploads/038a6ad1-cbfa-43d7-a0fe-ce955fbac6a1__d5a2f6bd885e14cdc4b40fa65b749b8e5a317507.jpeg
 create mode 100644 directus-cms/uploads/038a6ad1-cbfa-43d7-a0fe-ce955fbac6a1__f15aa4b815722867859d2a3fa46ab50834dfc8dc.avif
 create mode 100644 directus-cms/uploads/0671d9bf-63da-4aa4-af59-88c51e520933.jpeg
 create mode 100644 directus-cms/uploads/0671d9bf-63da-4aa4-af59-88c51e520933__7abd30a2f63f675625d6888e2ed9d65992751e3c.avif
 create mode 100644 directus-cms/uploads/0671d9bf-63da-4aa4-af59-88c51e520933__d5a2f6bd885e14cdc4b40fa65b749b8e5a317507.jpeg
 create mode 100644 directus-cms/uploads/0671d9bf-63da-4aa4-af59-88c51e520933__f15aa4b815722867859d2a3fa46ab50834dfc8dc.avif
 create mode 100644 directus-cms/uploads/0f7fcd99-30ca-43ae-bb90-13e514719b21.png
 create mode 100644 directus-cms/uploads/0f7fcd99-30ca-43ae-bb90-13e514719b21__7abd30a2f63f675625d6888e2ed9d65992751e3c.avif
 create mode 100644 directus-cms/uploads/0f7fcd99-30ca-43ae-bb90-13e514719b21__d5a2f6bd885e14cdc4b40fa65b749b8e5a317507.png
 create mode 100644 directus-cms/uploads/0f7fcd99-30ca-43ae-bb90-13e514719b21__f15aa4b815722867859d2a3fa46ab50834dfc8dc.avif
 create mode 100644 directus-cms/uploads/1003f08f-781f-419a-a058-d4c30cf4b44f__f15aa4b815722867859d2a3fa46ab50834dfc8dc.avif
 create mode 100644 directus-cms/uploads/11272bc5-24dd-46f3-9e3f-8dce99e45a04.jpg
 create mode 100644 directus-cms/uploads/11272bc5-24dd-46f3-9e3f-8dce99e45a04__7809681e43a17c0d8ad77890c0e89a2f36978e77.avif
 create mode 100644 directus-cms/uploads/11272bc5-24dd-46f3-9e3f-8dce99e45a04__f15aa4b815722867859d2a3fa46ab50834dfc8dc.avif
 create mode 100644 directus-cms/uploads/17a6a2ba-3de3-43b0-abe4-97283c821dd2.jpeg
 create mode 100644 directus-cms/uploads/17a6a2ba-3de3-43b0-abe4-97283c821dd2__7abd30a2f63f675625d6888e2ed9d65992751e3c.avif
 create mode 100644 directus-cms/uploads/17a6a2ba-3de3-43b0-abe4-97283c821dd2__d5a2f6bd885e14cdc4b40fa65b749b8e5a317507.jpeg
 create mode 100644 directus-cms/uploads/17a6a2ba-3de3-43b0-abe4-97283c821dd2__f15aa4b815722867859d2a3fa46ab50834dfc8dc.avif
 create mode 100644 directus-cms/uploads/1811b43e-886c-4adf-90e5-2a20ef199d67__f15aa4b815722867859d2a3fa46ab50834dfc8dc.avif
 create mode 100644 directus-cms/uploads/195a4eed-bf21-413c-a3bc-259eb9e695a4.png
 create mode 100644 directus-cms/uploads/195a4eed-bf21-413c-a3bc-259eb9e695a4__0f1fd4bdd171c58f0e87a703fcda41e48bdff01d.png
 create mode 100644 directus-cms/uploads/195a4eed-bf21-413c-a3bc-259eb9e695a4__7abd30a2f63f675625d6888e2ed9d65992751e3c.avif
 create mode 100644 directus-cms/uploads/195a4eed-bf21-413c-a3bc-259eb9e695a4__d5a2f6bd885e14cdc4b40fa65b749b8e5a317507.png
 create mode 100644 directus-cms/uploads/195a4eed-bf21-413c-a3bc-259eb9e695a4__f15aa4b815722867859d2a3fa46ab50834dfc8dc.avif
 create mode 100644 directus-cms/uploads/1c338270-1631-4adc-8c71-2b03c94deaa9__f15aa4b815722867859d2a3fa46ab50834dfc8dc.avif
 create mode 100644 directus-cms/uploads/2605417d-d395-4434-88e1-ec047df99c3d__f15aa4b815722867859d2a3fa46ab50834dfc8dc.avif
 create mode 100644 directus-cms/uploads/2c848c23-5377-4a0e-924b-9877abac2f0f__f15aa4b815722867859d2a3fa46ab50834dfc8dc.avif
 create mode 100644 directus-cms/uploads/2cb3d0d9-7570-4f4b-ab57-78ee32a73430__f15aa4b815722867859d2a3fa46ab50834dfc8dc.avif
 create mode 100644 directus-cms/uploads/2f2a05a4-f113-477d-903a-23f11cbf2e20__f15aa4b815722867859d2a3fa46ab50834dfc8dc.avif
 create mode 100644 directus-cms/uploads/3512eda0-1cb1-43a9-aa28-1b0f52dcca4f.png
 create mode 100644 directus-cms/uploads/3512eda0-1cb1-43a9-aa28-1b0f52dcca4f__6dd716ff4e33332ba63b02c7211b55914d93dcf1.png
 create mode 100644 directus-cms/uploads/3512eda0-1cb1-43a9-aa28-1b0f52dcca4f__7abd30a2f63f675625d6888e2ed9d65992751e3c.avif
 create mode 100644 directus-cms/uploads/3512eda0-1cb1-43a9-aa28-1b0f52dcca4f__f15aa4b815722867859d2a3fa46ab50834dfc8dc.avif
 create mode 100644 directus-cms/uploads/36bb35db-da0d-4b97-aec9-367aacdbf963.jpeg
 create mode 100644 directus-cms/uploads/36bb35db-da0d-4b97-aec9-367aacdbf963__7abd30a2f63f675625d6888e2ed9d65992751e3c.avif
 create mode 100644 directus-cms/uploads/36bb35db-da0d-4b97-aec9-367aacdbf963__d5a2f6bd885e14cdc4b40fa65b749b8e5a317507.jpeg
 create mode 100644 directus-cms/uploads/36bb35db-da0d-4b97-aec9-367aacdbf963__f15aa4b815722867859d2a3fa46ab50834dfc8dc.avif
 create mode 100644 directus-cms/uploads/39507c2d-175e-4dae-912f-00357717597e.png
 create mode 100644 directus-cms/uploads/39507c2d-175e-4dae-912f-00357717597e__128a18b4b93520b4df404c9ff8a19a8304bad25f.png
 create mode 100644 directus-cms/uploads/39507c2d-175e-4dae-912f-00357717597e__7abd30a2f63f675625d6888e2ed9d65992751e3c.avif
 create mode 100644 directus-cms/uploads/39507c2d-175e-4dae-912f-00357717597e__d5a2f6bd885e14cdc4b40fa65b749b8e5a317507.png
 create mode 100644 directus-cms/uploads/39507c2d-175e-4dae-912f-00357717597e__f15aa4b815722867859d2a3fa46ab50834dfc8dc.avif
 create mode 100644 directus-cms/uploads/3ec44695-f789-4910-a780-c4f3616b03bd__f15aa4b815722867859d2a3fa46ab50834dfc8dc.avif
 create mode 100644 directus-cms/uploads/42eebe0f-5643-45f6-b122-f6b6925622dc__f15aa4b815722867859d2a3fa46ab50834dfc8dc.avif
 create mode 100644 directus-cms/uploads/54e68d74-8b69-4a61-8400-cad9afa416ad.png
 create mode 100644 directus-cms/uploads/54e68d74-8b69-4a61-8400-cad9afa416ad__0cbaed55c82e25c398db1b15e78e7cf17189d7f0.png
 create mode 100644 directus-cms/uploads/54e68d74-8b69-4a61-8400-cad9afa416ad__7abd30a2f63f675625d6888e2ed9d65992751e3c.avif
 create mode 100644 directus-cms/uploads/54e68d74-8b69-4a61-8400-cad9afa416ad__d5a2f6bd885e14cdc4b40fa65b749b8e5a317507.png
 create mode 100644 directus-cms/uploads/54e68d74-8b69-4a61-8400-cad9afa416ad__f15aa4b815722867859d2a3fa46ab50834dfc8dc.avif
 create mode 100644 directus-cms/uploads/5a93335c-1959-40a3-b93e-c047d35e1dfa__f15aa4b815722867859d2a3fa46ab50834dfc8dc.avif
 create mode 100644 directus-cms/uploads/5bbdabef-5c0e-48d1-9f78-dbb9e5108b1c.webp
 create mode 100644 directus-cms/uploads/5bbdabef-5c0e-48d1-9f78-dbb9e5108b1c__7809681e43a17c0d8ad77890c0e89a2f36978e77.avif
 create mode 100644 directus-cms/uploads/5bbdabef-5c0e-48d1-9f78-dbb9e5108b1c__f15aa4b815722867859d2a3fa46ab50834dfc8dc.avif
 create mode 100644 directus-cms/uploads/5d256f33-56fe-46d6-8b85-743a47401632__f15aa4b815722867859d2a3fa46ab50834dfc8dc.avif
 create mode 100644 directus-cms/uploads/5dd876a0-0082-42e9-b16d-f5e077c30008.jpg
 create mode 100644 directus-cms/uploads/5dd876a0-0082-42e9-b16d-f5e077c30008__7809681e43a17c0d8ad77890c0e89a2f36978e77.avif
 create mode 100644 directus-cms/uploads/5dd876a0-0082-42e9-b16d-f5e077c30008__f15aa4b815722867859d2a3fa46ab50834dfc8dc.avif
 create mode 100644 directus-cms/uploads/5f405d02-71bc-43d1-b4f3-04bbc60e3780__f15aa4b815722867859d2a3fa46ab50834dfc8dc.avif
 create mode 100644 directus-cms/uploads/61786fc3-9415-43de-8f67-e82319c43453__f15aa4b815722867859d2a3fa46ab50834dfc8dc.avif
 create mode 100644 directus-cms/uploads/6184dbd5-58fc-46e3-88dd-105870d0b7d6__f15aa4b815722867859d2a3fa46ab50834dfc8dc.avif
 create mode 100644 directus-cms/uploads/641360ff-e6a5-4849-a5e5-cbc30848ab24.png
 create mode 100644 directus-cms/uploads/641360ff-e6a5-4849-a5e5-cbc30848ab24__1d11990f6fe6f3f2cab5b9450bdaff0eb2cd1422.png
 create mode 100644 directus-cms/uploads/641360ff-e6a5-4849-a5e5-cbc30848ab24__7abd30a2f63f675625d6888e2ed9d65992751e3c.avif
 create mode 100644 directus-cms/uploads/641360ff-e6a5-4849-a5e5-cbc30848ab24__d5a2f6bd885e14cdc4b40fa65b749b8e5a317507.png
 create mode 100644 directus-cms/uploads/641360ff-e6a5-4849-a5e5-cbc30848ab24__f15aa4b815722867859d2a3fa46ab50834dfc8dc.avif
 create mode 100644 directus-cms/uploads/6a9c14fb-e37a-484a-b7c1-def0bdd7a604.jpeg
 create mode 100644 directus-cms/uploads/6a9c14fb-e37a-484a-b7c1-def0bdd7a604__7abd30a2f63f675625d6888e2ed9d65992751e3c.avif
 create mode 100644 directus-cms/uploads/6a9c14fb-e37a-484a-b7c1-def0bdd7a604__d5a2f6bd885e14cdc4b40fa65b749b8e5a317507.jpeg
 create mode 100644 directus-cms/uploads/6a9c14fb-e37a-484a-b7c1-def0bdd7a604__f15aa4b815722867859d2a3fa46ab50834dfc8dc.avif
 create mode 100644 directus-cms/uploads/6e3f4214-36c2-48c3-a3d3-fd915a65f5fc.png
 create mode 100644 directus-cms/uploads/6e3f4214-36c2-48c3-a3d3-fd915a65f5fc__2ec6d8b20e8ec8d73163a90fa51e395ca01300e9.png
 create mode 100644 directus-cms/uploads/6e3f4214-36c2-48c3-a3d3-fd915a65f5fc__7abd30a2f63f675625d6888e2ed9d65992751e3c.avif
 create mode 100644 directus-cms/uploads/6e3f4214-36c2-48c3-a3d3-fd915a65f5fc__d5a2f6bd885e14cdc4b40fa65b749b8e5a317507.png
 create mode 100644 directus-cms/uploads/6e3f4214-36c2-48c3-a3d3-fd915a65f5fc__f15aa4b815722867859d2a3fa46ab50834dfc8dc.avif
 create mode 100644 directus-cms/uploads/7763cef1-35d8-4e76-a53d-098f962ec9a9__f15aa4b815722867859d2a3fa46ab50834dfc8dc.avif
 create mode 100644 directus-cms/uploads/78fff0e9-f871-4a8c-aed7-bd3f25991860__f15aa4b815722867859d2a3fa46ab50834dfc8dc.avif
 create mode 100644 directus-cms/uploads/7e0680c0-2d4f-45c0-b6c4-cbe6043fe980__f15aa4b815722867859d2a3fa46ab50834dfc8dc.avif
 create mode 100644 directus-cms/uploads/7fddffe0-9d3b-4199-b0f2-4a2ab962bb2b__f15aa4b815722867859d2a3fa46ab50834dfc8dc.avif
 create mode 100644 directus-cms/uploads/8062615c-19c8-4c1e-8dce-ca831ba10b68__f15aa4b815722867859d2a3fa46ab50834dfc8dc.avif
 create mode 100644 directus-cms/uploads/852f4023-b7a8-42ee-932e-6246bc2cdacd__f15aa4b815722867859d2a3fa46ab50834dfc8dc.avif
 create mode 100644 directus-cms/uploads/874e166a-0026-4b67-8436-e27acb0595eb__f15aa4b815722867859d2a3fa46ab50834dfc8dc.avif
 create mode 100644 directus-cms/uploads/87af4bc0-3a32-4460-adad-f5a2aca7f612.jpeg
 create mode 100644 directus-cms/uploads/87af4bc0-3a32-4460-adad-f5a2aca7f612__7abd30a2f63f675625d6888e2ed9d65992751e3c.avif
 create mode 100644 directus-cms/uploads/87af4bc0-3a32-4460-adad-f5a2aca7f612__d5a2f6bd885e14cdc4b40fa65b749b8e5a317507.jpeg
 create mode 100644 directus-cms/uploads/87af4bc0-3a32-4460-adad-f5a2aca7f612__f15aa4b815722867859d2a3fa46ab50834dfc8dc.avif
 create mode 100644 directus-cms/uploads/8c54c14a-1157-4bda-932f-4a937f5beab1.png
 create mode 100644 directus-cms/uploads/8c54c14a-1157-4bda-932f-4a937f5beab1__7abd30a2f63f675625d6888e2ed9d65992751e3c.avif
 create mode 100644 directus-cms/uploads/8c54c14a-1157-4bda-932f-4a937f5beab1__8f8a9bbb8f9c4922f39f605207ba6d6c3aa3fe17.png
 create mode 100644 directus-cms/uploads/8c54c14a-1157-4bda-932f-4a937f5beab1__f15aa4b815722867859d2a3fa46ab50834dfc8dc.avif
 create mode 100644 directus-cms/uploads/96ff1934-36aa-4ace-aad2-3ad8ed127301__f15aa4b815722867859d2a3fa46ab50834dfc8dc.avif
 create mode 100644 directus-cms/uploads/9d84206b-aaab-4ac1-9d7e-ab7cc18e68bb.jpeg
 create mode 100644 directus-cms/uploads/9d84206b-aaab-4ac1-9d7e-ab7cc18e68bb__7abd30a2f63f675625d6888e2ed9d65992751e3c.avif
 create mode 100644 directus-cms/uploads/9d84206b-aaab-4ac1-9d7e-ab7cc18e68bb__d5a2f6bd885e14cdc4b40fa65b749b8e5a317507.jpeg
 create mode 100644 directus-cms/uploads/9d84206b-aaab-4ac1-9d7e-ab7cc18e68bb__f15aa4b815722867859d2a3fa46ab50834dfc8dc.avif
 create mode 100644 directus-cms/uploads/9ebbdbff-c78b-49d9-b029-363031264c57__f15aa4b815722867859d2a3fa46ab50834dfc8dc.avif
 create mode 100644 directus-cms/uploads/a2c2ec7c-027c-4902-85f5-394d0e54120c.jpeg
 create mode 100644 directus-cms/uploads/a2c2ec7c-027c-4902-85f5-394d0e54120c__7abd30a2f63f675625d6888e2ed9d65992751e3c.avif
 create mode 100644 directus-cms/uploads/a2c2ec7c-027c-4902-85f5-394d0e54120c__d5a2f6bd885e14cdc4b40fa65b749b8e5a317507.jpeg
 create mode 100644 directus-cms/uploads/a2c2ec7c-027c-4902-85f5-394d0e54120c__f15aa4b815722867859d2a3fa46ab50834dfc8dc.avif
 create mode 100644 directus-cms/uploads/a749c01f-897d-446d-9e4f-5ae9fbc352d8__f15aa4b815722867859d2a3fa46ab50834dfc8dc.avif
 create mode 100644 directus-cms/uploads/a80e8068-c814-418e-b9aa-b21a37a6b518.webp
 create mode 100644 directus-cms/uploads/a80e8068-c814-418e-b9aa-b21a37a6b518__cbde0f9c53e59d21f6c4901d873016b72b648b41.webp
 create mode 100644 directus-cms/uploads/a80e8068-c814-418e-b9aa-b21a37a6b518__f15aa4b815722867859d2a3fa46ab50834dfc8dc.avif
 create mode 100644 directus-cms/uploads/aae74541-6591-4a3a-bd96-3913aa31154c.png
 create mode 100644 directus-cms/uploads/aae74541-6591-4a3a-bd96-3913aa31154c__7abd30a2f63f675625d6888e2ed9d65992751e3c.avif
 create mode 100644 directus-cms/uploads/aae74541-6591-4a3a-bd96-3913aa31154c__a9b970fc982e4a706a4c59f94d14d49a543b5a1c.png
 create mode 100644 directus-cms/uploads/aae74541-6591-4a3a-bd96-3913aa31154c__f15aa4b815722867859d2a3fa46ab50834dfc8dc.avif
 create mode 100644 directus-cms/uploads/aaf97364-ca2f-4b87-9a34-4fc460d6170f.jpeg
 create mode 100644 directus-cms/uploads/aaf97364-ca2f-4b87-9a34-4fc460d6170f__7abd30a2f63f675625d6888e2ed9d65992751e3c.avif
 create mode 100644 directus-cms/uploads/aaf97364-ca2f-4b87-9a34-4fc460d6170f__d5a2f6bd885e14cdc4b40fa65b749b8e5a317507.jpeg
 create mode 100644 directus-cms/uploads/aaf97364-ca2f-4b87-9a34-4fc460d6170f__f15aa4b815722867859d2a3fa46ab50834dfc8dc.avif
 create mode 100644 directus-cms/uploads/ad529c37-fa38-4af6-b3cd-b64c3d2edea0.jpg
 create mode 100644 directus-cms/uploads/ad529c37-fa38-4af6-b3cd-b64c3d2edea0__5abedb77b8bf1b1ee176b9cc49c52d74bf70e6f0.jpg
 create mode 100644 directus-cms/uploads/ad529c37-fa38-4af6-b3cd-b64c3d2edea0__f15aa4b815722867859d2a3fa46ab50834dfc8dc.avif
 create mode 100644 directus-cms/uploads/ae1ce7a0-1614-4870-9ca3-ba0cc47b3a7e.png
 create mode 100644 directus-cms/uploads/ae1ce7a0-1614-4870-9ca3-ba0cc47b3a7e__2f989cf5712294bd9aef1a1d20ee238a3b387082.png
 create mode 100644 directus-cms/uploads/ae1ce7a0-1614-4870-9ca3-ba0cc47b3a7e__7abd30a2f63f675625d6888e2ed9d65992751e3c.avif
 create mode 100644 directus-cms/uploads/ae1ce7a0-1614-4870-9ca3-ba0cc47b3a7e__d5a2f6bd885e14cdc4b40fa65b749b8e5a317507.png
 create mode 100644 directus-cms/uploads/ae1ce7a0-1614-4870-9ca3-ba0cc47b3a7e__f15aa4b815722867859d2a3fa46ab50834dfc8dc.avif
 create mode 100644 directus-cms/uploads/ae31f132-48bd-4cb9-a318-d0817217085b__f15aa4b815722867859d2a3fa46ab50834dfc8dc.avif
 create mode 100644 directus-cms/uploads/b63c0500-e8df-4d25-903c-9f916d0e9a57.jpeg
 create mode 100644 directus-cms/uploads/b63c0500-e8df-4d25-903c-9f916d0e9a57__7abd30a2f63f675625d6888e2ed9d65992751e3c.avif
 create mode 100644 directus-cms/uploads/b63c0500-e8df-4d25-903c-9f916d0e9a57__d5a2f6bd885e14cdc4b40fa65b749b8e5a317507.jpeg
 create mode 100644 directus-cms/uploads/b63c0500-e8df-4d25-903c-9f916d0e9a57__f15aa4b815722867859d2a3fa46ab50834dfc8dc.avif
 create mode 100644 directus-cms/uploads/b7d7e728-85e2-47d7-8066-cda97b8daa00.png
 create mode 100644 directus-cms/uploads/b7d7e728-85e2-47d7-8066-cda97b8daa00__090cd3ff298e4450c65a76077e08939b8d9c5a0b.png
 create mode 100644 directus-cms/uploads/b7d7e728-85e2-47d7-8066-cda97b8daa00__7abd30a2f63f675625d6888e2ed9d65992751e3c.avif
 create mode 100644 directus-cms/uploads/b7d7e728-85e2-47d7-8066-cda97b8daa00__d5a2f6bd885e14cdc4b40fa65b749b8e5a317507.png
 create mode 100644 directus-cms/uploads/b7d7e728-85e2-47d7-8066-cda97b8daa00__f15aa4b815722867859d2a3fa46ab50834dfc8dc.avif
 create mode 100644 directus-cms/uploads/bddb51e4-5d94-40ff-b643-b037f222a1c1__f15aa4b815722867859d2a3fa46ab50834dfc8dc.avif
 create mode 100644 directus-cms/uploads/c5893d54-83ca-4c5d-baf3-eabc25bc2e3e__f15aa4b815722867859d2a3fa46ab50834dfc8dc.avif
 create mode 100644 directus-cms/uploads/d1cfdc96-6f81-46db-a005-bcb90d3cecc1.png
 create mode 100644 directus-cms/uploads/d1cfdc96-6f81-46db-a005-bcb90d3cecc1__361c45116ec2ad635fca4c48668b5bc1231a6cf7.png
 create mode 100644 directus-cms/uploads/d1cfdc96-6f81-46db-a005-bcb90d3cecc1__7abd30a2f63f675625d6888e2ed9d65992751e3c.avif
 create mode 100644 directus-cms/uploads/d1cfdc96-6f81-46db-a005-bcb90d3cecc1__d5a2f6bd885e14cdc4b40fa65b749b8e5a317507.png
 create mode 100644 directus-cms/uploads/d1cfdc96-6f81-46db-a005-bcb90d3cecc1__f15aa4b815722867859d2a3fa46ab50834dfc8dc.avif
 create mode 100644 directus-cms/uploads/da6927e5-d45a-47dd-8e26-c1d40d8ec27a.jpeg
 create mode 100644 directus-cms/uploads/da6927e5-d45a-47dd-8e26-c1d40d8ec27a__59855dce4d93bf7b17dcbc9fc3828dc81bea0fee.jpeg
 create mode 100644 directus-cms/uploads/da6927e5-d45a-47dd-8e26-c1d40d8ec27a__7abd30a2f63f675625d6888e2ed9d65992751e3c.avif
 create mode 100644 directus-cms/uploads/da6927e5-d45a-47dd-8e26-c1d40d8ec27a__d5a2f6bd885e14cdc4b40fa65b749b8e5a317507.jpeg
 create mode 100644 directus-cms/uploads/da6927e5-d45a-47dd-8e26-c1d40d8ec27a__f15aa4b815722867859d2a3fa46ab50834dfc8dc.avif
 create mode 100644 directus-cms/uploads/e3bf1d3d-62ef-4ad3-b95a-238a628e0790__f15aa4b815722867859d2a3fa46ab50834dfc8dc.avif
 create mode 100644 directus-cms/uploads/e5c64d34-19b3-4f51-91c9-08e46114dd6d.png
 create mode 100644 directus-cms/uploads/e5c64d34-19b3-4f51-91c9-08e46114dd6d__7abd30a2f63f675625d6888e2ed9d65992751e3c.avif
 create mode 100644 directus-cms/uploads/e5c64d34-19b3-4f51-91c9-08e46114dd6d__aab34d47633059bc33efa671e918a1e2d94db5f1.png
 create mode 100644 directus-cms/uploads/e5c64d34-19b3-4f51-91c9-08e46114dd6d__d5a2f6bd885e14cdc4b40fa65b749b8e5a317507.png
 create mode 100644 directus-cms/uploads/e5c64d34-19b3-4f51-91c9-08e46114dd6d__f15aa4b815722867859d2a3fa46ab50834dfc8dc.avif
 create mode 100644 directus-cms/uploads/e99043d6-4205-457f-aa84-4e44eb71a517.png
 create mode 100644 directus-cms/uploads/e99043d6-4205-457f-aa84-4e44eb71a517__7abd30a2f63f675625d6888e2ed9d65992751e3c.avif
 create mode 100644 directus-cms/uploads/e99043d6-4205-457f-aa84-4e44eb71a517__d5a2f6bd885e14cdc4b40fa65b749b8e5a317507.png
 create mode 100644 directus-cms/uploads/e99043d6-4205-457f-aa84-4e44eb71a517__f15aa4b815722867859d2a3fa46ab50834dfc8dc.avif
 create mode 100644 directus-cms/uploads/eae30ecb-8a46-4ecf-8fe2-4659d76e134a__f15aa4b815722867859d2a3fa46ab50834dfc8dc.avif
 create mode 100644 directus-cms/uploads/ef1997fb-6f04-4894-9ee8-15ae08909d75.jpeg
 create mode 100644 directus-cms/uploads/ef1997fb-6f04-4894-9ee8-15ae08909d75__7abd30a2f63f675625d6888e2ed9d65992751e3c.avif
 create mode 100644 directus-cms/uploads/ef1997fb-6f04-4894-9ee8-15ae08909d75__d5a2f6bd885e14cdc4b40fa65b749b8e5a317507.jpeg
 create mode 100644 directus-cms/uploads/ef1997fb-6f04-4894-9ee8-15ae08909d75__f15aa4b815722867859d2a3fa46ab50834dfc8dc.avif
 create mode 100644 directus-cms/uploads/f4ba0718-e688-4cac-9385-b50f2d7a99f1.PNG
 create mode 100644 directus-cms/uploads/f4ba0718-e688-4cac-9385-b50f2d7a99f1__7809681e43a17c0d8ad77890c0e89a2f36978e77.avif
 create mode 100644 directus-cms/uploads/f4ba0718-e688-4cac-9385-b50f2d7a99f1__f15aa4b815722867859d2a3fa46ab50834dfc8dc.avif
 create mode 100644 directus-cms/uploads/f577dd4b-3852-4510-8a0f-2b6c18395e66.png
 create mode 100644 directus-cms/uploads/f577dd4b-3852-4510-8a0f-2b6c18395e66__7abd30a2f63f675625d6888e2ed9d65992751e3c.avif
 create mode 100644 directus-cms/uploads/f577dd4b-3852-4510-8a0f-2b6c18395e66__91def22b7df6701e6131c6b0b73ae6380117adff.png
 create mode 100644 directus-cms/uploads/f577dd4b-3852-4510-8a0f-2b6c18395e66__d5a2f6bd885e14cdc4b40fa65b749b8e5a317507.png
 create mode 100644 directus-cms/uploads/f577dd4b-3852-4510-8a0f-2b6c18395e66__f15aa4b815722867859d2a3fa46ab50834dfc8dc.avif
 create mode 100644 directus-cms/uploads/f833041f-4d7b-4d91-afbe-323f23f0e600.jpeg
 create mode 100644 directus-cms/uploads/f833041f-4d7b-4d91-afbe-323f23f0e600__7abd30a2f63f675625d6888e2ed9d65992751e3c.avif
 create mode 100644 directus-cms/uploads/f833041f-4d7b-4d91-afbe-323f23f0e600__d5a2f6bd885e14cdc4b40fa65b749b8e5a317507.jpeg
 create mode 100644 directus-cms/uploads/f833041f-4d7b-4d91-afbe-323f23f0e600__de18f708265a0e40489a531fc111c1072262f249.jpeg
 create mode 100644 directus-cms/uploads/f833041f-4d7b-4d91-afbe-323f23f0e600__f15aa4b815722867859d2a3fa46ab50834dfc8dc.avif
 create mode 100644 directus-cms/uploads/f9d68ecb-738a-49c1-9ae2-53fce0396b69.png
 create mode 100644 directus-cms/uploads/f9d68ecb-738a-49c1-9ae2-53fce0396b69__25bef683d1117b39f1e5ff465da6e6f51ef4c122.png
 create mode 100644 directus-cms/uploads/f9d68ecb-738a-49c1-9ae2-53fce0396b69__7abd30a2f63f675625d6888e2ed9d65992751e3c.avif
 create mode 100644 directus-cms/uploads/f9d68ecb-738a-49c1-9ae2-53fce0396b69__f15aa4b815722867859d2a3fa46ab50834dfc8dc.avif
 create mode 100644 directus-cms/uploads/fbc276d8-98bc-4614-a52a-9cf21f7436d8.png
 create mode 100644 directus-cms/uploads/fbc276d8-98bc-4614-a52a-9cf21f7436d8__39fa6cf2b0cdc6d35c87a44864086c3d9bbbf4a5.png
 create mode 100644 directus-cms/uploads/fbc276d8-98bc-4614-a52a-9cf21f7436d8__7abd30a2f63f675625d6888e2ed9d65992751e3c.avif
 create mode 100644 directus-cms/uploads/fbc276d8-98bc-4614-a52a-9cf21f7436d8__d5a2f6bd885e14cdc4b40fa65b749b8e5a317507.png
 create mode 100644 directus-cms/uploads/fbc276d8-98bc-4614-a52a-9cf21f7436d8__f15aa4b815722867859d2a3fa46ab50834dfc8dc.avif
To github.com:umeshu909/SSLOJ_Game.git
   728742e5..95c2bd40  main -> main
[main 024b6ac7] Mise à jour journalière du server
 Committer: Ubuntu <ubuntu@vps-54331b9e.vps.ovh.net>
Your name and email address were configured automatically based
on your username and hostname. Please check that they are accurate.
You can suppress this message by setting them explicitly. Run the
following command and follow the instructions in your editor to edit
your configuration file:

    git config --global --edit

After doing this, you may fix the identity used for this commit with:

    git commit --amend --reset-author

 21 files changed, 289 insertions(+)
 delete mode 100644 directus-cms/uploads/11272bc5-24dd-46f3-9e3f-8dce99e45a04.jpg
 create mode 100644 directus-cms/uploads/11272bc5-24dd-46f3-9e3f-8dce99e45a04.png
 delete mode 100644 directus-cms/uploads/11272bc5-24dd-46f3-9e3f-8dce99e45a04__7809681e43a17c0d8ad77890c0e89a2f36978e77.avif
 create mode 100644 directus-cms/uploads/11272bc5-24dd-46f3-9e3f-8dce99e45a04__7abd30a2f63f675625d6888e2ed9d65992751e3c.avif
 create mode 100644 directus-cms/uploads/135a53a8-c83d-49ee-ad5c-8250a672d566.png
 create mode 100644 directus-cms/uploads/135a53a8-c83d-49ee-ad5c-8250a672d566__053a5aba31f1c4a10736cfcf84aa1d84aedf0273.png
 create mode 100644 directus-cms/uploads/135a53a8-c83d-49ee-ad5c-8250a672d566__4be72871f82ba4ce88843e4d0cc0e5247e34f669.png
 create mode 100644 directus-cms/uploads/135a53a8-c83d-49ee-ad5c-8250a672d566__f15aa4b815722867859d2a3fa46ab50834dfc8dc.avif
 create mode 100644 directus-cms/uploads/5bbdabef-5c0e-48d1-9f78-dbb9e5108b1c__7abd30a2f63f675625d6888e2ed9d65992751e3c.avif
 create mode 100644 directus-cms/uploads/bedf672f-b682-473d-b21e-97f92a764ff9.png
 create mode 100644 directus-cms/uploads/bedf672f-b682-473d-b21e-97f92a764ff9__7809681e43a17c0d8ad77890c0e89a2f36978e77.avif
 create mode 100644 directus-cms/uploads/bedf672f-b682-473d-b21e-97f92a764ff9__7abd30a2f63f675625d6888e2ed9d65992751e3c.avif
 create mode 100644 directus-cms/uploads/bedf672f-b682-473d-b21e-97f92a764ff9__f15aa4b815722867859d2a3fa46ab50834dfc8dc.avif
 create mode 100644 directus-cms/uploads/faa67d09-a9c4-40fb-b87c-8d9b1c2e1c05.png
 create mode 100644 directus-cms/uploads/faa67d09-a9c4-40fb-b87c-8d9b1c2e1c05__f15aa4b815722867859d2a3fa46ab50834dfc8dc.avif
 create mode 100644 directus-cms/uploads/faa67d09-a9c4-40fb-b87c-8d9b1c2e1c05__fd065d7d3b4a9ff8c7c8e3abd08a4fc984860535.png
To github.com:umeshu909/SSLOJ_Game.git
   8d4dbad0..024b6ac7  main -> main
[main 1ed01b10] Mise à jour journalière du server
 Committer: Ubuntu <ubuntu@vps-54331b9e.vps.ovh.net>
Your name and email address were configured automatically based
on your username and hostname. Please check that they are accurate.
You can suppress this message by setting them explicitly. Run the
following command and follow the instructions in your editor to edit
your configuration file:

    git config --global --edit

After doing this, you may fix the identity used for this commit with:

    git commit --amend --reset-author

 4 files changed, 137 insertions(+)
To github.com:umeshu909/SSLOJ_Game.git
   9182d884..1ed01b10  main -> main
[main 4b352cac] Mise à jour journalière du server
 Committer: Ubuntu <ubuntu@vps-54331b9e.vps.ovh.net>
Your name and email address were configured automatically based
on your username and hostname. Please check that they are accurate.
You can suppress this message by setting them explicitly. Run the
following command and follow the instructions in your editor to edit
your configuration file:

    git config --global --edit

After doing this, you may fix the identity used for this commit with:

    git commit --amend --reset-author

 3 files changed, 33 insertions(+)
To github.com:umeshu909/SSLOJ_Game.git
   08e104f3..4b352cac  main -> main
